{
  "RSpec": {
    "coverage": {
      "/Users/lindsayfowers/boot_camp/overtime_app/Overtime/spec/controllers/audit_logs_controller_spec.rb": [
        1,
        null,
        1,
        null,
        null
      ],
      "/Users/lindsayfowers/boot_camp/overtime_app/Overtime/spec/rails_helper.rb": [
        1,
        1,
        null,
        1,
        1,
        1,
        1,
        null,
        1,
        1,
        null,
        1,
        null,
        1,
        1,
        1,
        2,
        38,
        1,
        38,
        39,
        1,
        1,
        1,
        null
      ],
      "/Users/lindsayfowers/boot_camp/overtime_app/Overtime/config/environment.rb": [
        null,
        1,
        null,
        null,
        1
      ],
      "/Users/lindsayfowers/boot_camp/overtime_app/Overtime/config/application.rb": [
        1,
        null,
        1,
        null,
        1,
        null,
        1,
        1,
        1,
        null,
        null
      ],
      "/Users/lindsayfowers/boot_camp/overtime_app/Overtime/config/boot.rb": [
        1,
        null,
        1
      ],
      "/Users/lindsayfowers/boot_camp/overtime_app/Overtime/config/spring.rb": [
        null,
        null,
        null,
        null,
        null,
        5
      ],
      "/Users/lindsayfowers/boot_camp/overtime_app/Overtime/config/environments/test.rb": [
        1,
        null,
        null,
        null,
        null,
        null,
        null,
        1,
        null,
        null,
        null,
        null,
        1,
        null,
        null,
        1,
        1,
        null,
        null,
        null,
        null,
        1,
        1,
        null,
        null,
        1,
        null,
        null,
        1,
        1,
        null,
        null,
        null,
        null,
        1,
        null,
        null,
        1,
        null,
        null,
        null,
        null
      ],
      "/Users/lindsayfowers/boot_camp/overtime_app/Overtime/config/initializers/application_controller_renderer.rb": [
        null,
        null,
        null,
        null,
        null,
        null
      ],
      "/Users/lindsayfowers/boot_camp/overtime_app/Overtime/config/initializers/assets.rb": [
        null,
        null,
        null,
        1,
        null,
        null,
        null,
        null,
        null,
        null,
        null
      ],
      "/Users/lindsayfowers/boot_camp/overtime_app/Overtime/config/initializers/backtrace_silencers.rb": [
        null,
        null,
        null,
        null,
        null,
        null,
        null
      ],
      "/Users/lindsayfowers/boot_camp/overtime_app/Overtime/config/initializers/cookies_serializer.rb": [
        null,
        null,
        null,
        null,
        1
      ],
      "/Users/lindsayfowers/boot_camp/overtime_app/Overtime/config/initializers/devise.rb": [
        null,
        null,
        1,
        null,
        null,
        null,
        null,
        null,
        null,
        null,
        null,
        null,
        null,
        null,
        1,
        null,
        null,
        null,
        null,
        null,
        null,
        null,
        null,
        null,
        null,
        null,
        1,
        null,
        null,
        null,
        null,
        null,
        null,
        null,
        null,
        null,
        null,
        null,
        null,
        null,
        null,
        null,
        null,
        null,
        null,
        null,
        null,
        null,
        1,
        null,
        null,
        null,
        null,
        1,
        null,
        null,
        null,
        null,
        null,
        null,
        null,
        null,
        null,
        null,
        null,
        null,
        null,
        null,
        null,
        null,
        null,
        null,
        null,
        null,
        null,
        null,
        null,
        null,
        null,
        null,
        null,
        null,
        null,
        null,
        1,
        null,
        null,
        null,
        null,
        null,
        null,
        null,
        null,
        null,
        null,
        null,
        null,
        null,
        null,
        null,
        null,
        null,
        null,
        null,
        null,
        null,
        null,
        1,
        null,
        null,
        null,
        null,
        null,
        null,
        null,
        null,
        null,
        null,
        null,
        null,
        null,
        null,
        null,
        null,
        null,
        null,
        null,
        null,
        null,
        null,
        null,
        null,
        null,
        null,
        null,
        1,
        null,
        null,
        null,
        null,
        null,
        null,
        null,
        null,
        null,
        1,
        null,
        null,
        null,
        null,
        null,
        null,
        null,
        null,
        null,
        null,
        1,
        null,
        null,
        null,
        null,
        1,
        null,
        null,
        null,
        null,
        null,
        null,
        null,
        null,
        null,
        null,
        null,
        null,
        null,
        null,
        null,
        null,
        null,
        null,
        null,
        null,
        null,
        null,
        null,
        null,
        null,
        null,
        null,
        null,
        null,
        null,
        null,
        null,
        null,
        null,
        null,
        null,
        null,
        null,
        null,
        null,
        1,
        null,
        null,
        null,
        null,
        null,
        null,
        null,
        null,
        null,
        null,
        null,
        null,
        null,
        null,
        null,
        null,
        null,
        null,
        null,
        null,
        null,
        null,
        null,
        null,
        null,
        null,
        null,
        null,
        null,
        null,
        null,
        null,
        null,
        null,
        null,
        null,
        null,
        null,
        null,
        null,
        null,
        1,
        null,
        null,
        null,
        null,
        null,
        null,
        null,
        null,
        null,
        null,
        null,
        null,
        null,
        null,
        null,
        null,
        null,
        null,
        null,
        null,
        null,
        null,
        null,
        null,
        null,
        null,
        null,
        null,
        null
      ],
      "/Users/lindsayfowers/boot_camp/overtime_app/Overtime/config/initializers/filter_parameter_logging.rb": [
        null,
        null,
        null,
        1
      ],
      "/Users/lindsayfowers/boot_camp/overtime_app/Overtime/config/initializers/inflections.rb": [
        null,
        null,
        null,
        null,
        null,
        null,
        null,
        null,
        null,
        null,
        null,
        null,
        null,
        null,
        null,
        null
      ],
      "/Users/lindsayfowers/boot_camp/overtime_app/Overtime/config/initializers/mime_types.rb": [
        null,
        null,
        null,
        null
      ],
      "/Users/lindsayfowers/boot_camp/overtime_app/Overtime/config/initializers/new_framework_defaults.rb": [
        null,
        null,
        null,
        null,
        null,
        null,
        null,
        1,
        null,
        null,
        1,
        null,
        null,
        null,
        1,
        null,
        null,
        1,
        null,
        null,
        1,
        null,
        null,
        1
      ],
      "/Users/lindsayfowers/boot_camp/overtime_app/Overtime/config/initializers/session_store.rb": [
        null,
        null,
        1
      ],
      "/Users/lindsayfowers/boot_camp/overtime_app/Overtime/config/initializers/setup_mail.rb": [
        1,
        null,
        null,
        null,
        null,
        null,
        null,
        null,
        1
      ],
      "/Users/lindsayfowers/boot_camp/overtime_app/Overtime/config/initializers/wrap_parameters.rb": [
        null,
        null,
        null,
        null,
        null,
        null,
        1,
        2,
        null,
        null,
        null,
        null,
        null,
        null
      ],
      "/Users/lindsayfowers/boot_camp/overtime_app/Overtime/spec/factories/audit_logs.rb": [
        1,
        1,
        1,
        1,
        1,
        1,
        null,
        null
      ],
      "/Users/lindsayfowers/boot_camp/overtime_app/Overtime/spec/factories/posts.rb": [
        1,
        1,
        1,
        1,
        1,
        1,
        null,
        null,
        1,
        1,
        1,
        1,
        1,
        null,
        null
      ],
      "/Users/lindsayfowers/boot_camp/overtime_app/Overtime/spec/factories/user.rb": [
        1,
        1,
        51,
        null,
        null,
        1,
        1,
        1,
        43,
        1,
        1,
        1,
        null,
        null,
        1,
        1,
        1,
        9,
        1,
        1,
        1,
        null,
        null,
        1,
        1,
        1,
        2,
        1,
        1,
        1,
        null,
        null
      ],
      "/Users/lindsayfowers/boot_camp/overtime_app/Overtime/config/routes.rb": [
        1,
        1,
        1,
        1,
        null,
        null,
        null,
        1,
        1,
        1,
        1,
        1,
        null,
        1,
        null,
        null,
        1,
        1,
        1,
        null,
        null,
        null,
        1,
        1,
        null
      ],
      "/Users/lindsayfowers/boot_camp/overtime_app/Overtime/app/models/user.rb": [
        1,
        1,
        1,
        null,
        null,
        1,
        null,
        null,
        1,
        null,
        1,
        null,
        1,
        null,
        1,
        null,
        1,
        9,
        null,
        null
      ],
      "/Users/lindsayfowers/boot_camp/overtime_app/Overtime/app/models/application_record.rb": [
        1,
        1,
        null
      ],
      "/Users/lindsayfowers/boot_camp/overtime_app/Overtime/app/helpers/application_helper.rb": [
        1,
        1,
        74,
        null,
        null,
        1,
        44,
        null,
        null,
        1,
        32,
        null,
        null,
        1,
        64,
        null,
        null,
        1,
        3,
        null,
        null,
        1,
        null,
        1,
        3,
        null,
        1,
        null,
        0,
        null,
        0,
        null,
        2,
        null,
        0,
        null,
        null,
        null
      ],
      "/Users/lindsayfowers/boot_camp/overtime_app/Overtime/app/helpers/audit_logs_helper.rb": [
        1,
        null
      ],
      "/Users/lindsayfowers/boot_camp/overtime_app/Overtime/app/helpers/posts_helper.rb": [
        1,
        null
      ],
      "/Users/lindsayfowers/boot_camp/overtime_app/Overtime/app/controllers/audit_logs_controller.rb": [
        1,
        1,
        3,
        3,
        null,
        null,
        1,
        1,
        1,
        1,
        1,
        null,
        null
      ],
      "/Users/lindsayfowers/boot_camp/overtime_app/Overtime/app/controllers/application_controller.rb": [
        1,
        1,
        null,
        1,
        1,
        null,
        1,
        null,
        1,
        10,
        null,
        null,
        1,
        null,
        1,
        4,
        4,
        null,
        null
      ],
      "/Users/lindsayfowers/boot_camp/overtime_app/Overtime/spec/features/admin_dashboard_spec.rb": [
        1,
        null,
        1,
        1,
        0,
        0,
        null,
        null,
        1,
        1,
        1,
        null,
        1,
        null,
        1,
        null,
        null,
        1,
        1,
        1,
        null,
        1,
        null,
        1,
        null,
        null
      ],
      "/Users/lindsayfowers/boot_camp/overtime_app/Overtime/spec/features/approval_workflow_spec.rb": [
        1,
        null,
        1,
        1,
        3,
        3,
        null,
        null,
        1,
        1,
        3,
        3,
        null,
        null,
        1,
        1,
        1,
        null,
        1,
        null,
        null,
        1,
        1,
        1,
        1,
        null,
        1,
        null,
        1,
        null,
        null,
        1,
        1,
        1,
        1,
        null,
        1,
        null,
        1,
        null,
        1,
        null,
        null,
        null
      ],
      "/Users/lindsayfowers/boot_camp/overtime_app/Overtime/spec/features/audit_log_spec.rb": [
        1,
        null,
        1,
        1,
        1,
        3,
        3,
        3,
        null,
        1,
        1,
        1,
        null,
        null,
        1,
        1,
        1,
        null,
        null,
        1,
        1,
        1,
        1,
        null,
        1,
        null,
        1,
        null,
        null,
        null
      ],
      "/Users/lindsayfowers/boot_camp/overtime_app/Overtime/spec/features/homepage_spec.rb": [
        1,
        null,
        1,
        1,
        1,
        1,
        1,
        null,
        1,
        null,
        1,
        null,
        1,
        null,
        null,
        1,
        1,
        1,
        1,
        null,
        1,
        null,
        1,
        null,
        1,
        null,
        1,
        null,
        null
      ],
      "/Users/lindsayfowers/boot_camp/overtime_app/Overtime/spec/features/post_spec.rb": [
        1,
        null,
        1,
        12,
        null,
        1,
        2,
        null,
        null,
        1,
        11,
        null,
        null,
        1,
        1,
        4,
        null,
        null,
        1,
        1,
        null,
        null,
        1,
        1,
        null,
        null,
        1,
        1,
        1,
        1,
        1,
        null,
        null,
        1,
        1,
        1,
        null,
        1,
        null,
        1,
        null,
        null,
        null,
        1,
        1,
        1,
        1,
        1,
        null,
        1,
        1,
        null,
        null,
        null,
        1,
        1,
        1,
        null,
        1,
        1,
        null,
        1,
        null,
        1,
        null,
        1,
        1,
        null,
        null,
        null,
        1,
        1,
        3,
        null,
        null,
        1,
        1,
        null,
        null,
        1,
        1,
        1,
        1,
        null,
        2,
        null,
        null,
        1,
        1,
        1,
        1,
        1,
        null,
        1,
        null,
        null,
        null,
        1,
        1,
        1,
        null,
        1,
        1,
        1,
        null,
        1,
        null,
        null,
        1,
        1,
        1,
        1,
        null,
        1,
        null,
        1,
        null,
        null,
        null
      ],
      "/Users/lindsayfowers/boot_camp/overtime_app/Overtime/spec/features/static_spec.rb": [
        1,
        null,
        1,
        1,
        1,
        1,
        1,
        null,
        null,
        null
      ],
      "/Users/lindsayfowers/boot_camp/overtime_app/Overtime/spec/models/audit_log_spec.rb": [
        1,
        null,
        1,
        1,
        5,
        null,
        1,
        1,
        1,
        null,
        null,
        null,
        1,
        1,
        1,
        1,
        null,
        null,
        1,
        1,
        1,
        null,
        null,
        1,
        1,
        1,
        null,
        null,
        1,
        1,
        1,
        null,
        null,
        null
      ],
      "/Users/lindsayfowers/boot_camp/overtime_app/Overtime/app/models/audit_log.rb": [
        1,
        1,
        null,
        1,
        null,
        1,
        null,
        1,
        null,
        1,
        null,
        9,
        null,
        1,
        1,
        1,
        null,
        null,
        1,
        16,
        null,
        null
      ],
      "/Users/lindsayfowers/boot_camp/overtime_app/Overtime/spec/models/post_spec.rb": [
        1,
        null,
        1,
        1,
        1,
        3,
        null,
        null,
        1,
        1,
        null,
        null,
        1,
        1,
        1,
        1,
        1,
        null,
        null,
        1,
        1,
        1,
        null,
        null,
        null
      ],
      "/Users/lindsayfowers/boot_camp/overtime_app/Overtime/app/models/post.rb": [
        1,
        1,
        1,
        1,
        null,
        1,
        null,
        9,
        null,
        1,
        1,
        null,
        1,
        null,
        1,
        14,
        14,
        null,
        null,
        1,
        0,
        0,
        null,
        null
      ],
      "/Users/lindsayfowers/boot_camp/overtime_app/Overtime/spec/models/user_spec.rb": [
        1,
        null,
        1,
        1,
        7,
        null,
        null,
        1,
        1,
        1,
        null,
        null,
        null,
        1,
        1,
        1,
        1,
        null,
        null,
        1,
        1,
        1,
        null,
        null,
        1,
        1,
        1,
        null,
        null,
        1,
        1,
        1,
        null,
        null,
        1,
        1,
        1,
        null,
        null,
        null,
        1,
        1,
        1,
        null,
        null,
        null
      ],
      "/Users/lindsayfowers/boot_camp/overtime_app/Overtime/lib/fake_sms.rb": [
        1,
        1,
        0,
        null,
        0,
        0,
        null,
        null,
        0,
        0,
        null,
        null
      ],
      "/Users/lindsayfowers/boot_camp/overtime_app/Overtime/app/controllers/admin/users_controller.rb": [
        1,
        1,
        null,
        null,
        null,
        null,
        null,
        null,
        null,
        null,
        null,
        null,
        null,
        null,
        null,
        null,
        null,
        null,
        null
      ],
      "/Users/lindsayfowers/boot_camp/overtime_app/Overtime/app/controllers/admin/application_controller.rb": [
        null,
        null,
        null,
        null,
        null,
        null,
        1,
        1,
        2,
        null,
        null,
        1,
        1,
        1,
        null,
        1,
        2,
        1,
        1,
        null,
        null,
        null,
        null,
        null,
        null,
        null,
        null,
        null,
        null
      ],
      "/Users/lindsayfowers/boot_camp/overtime_app/Overtime/app/controllers/static_controller.rb": [
        1,
        1,
        10,
        2,
        2,
        null,
        8,
        null,
        null,
        null
      ],
      "/Users/lindsayfowers/boot_camp/overtime_app/Overtime/app/models/admin_user.rb": [
        1,
        null
      ],
      "/Users/lindsayfowers/boot_camp/overtime_app/Overtime/app/dashboards/user_dashboard.rb": [
        1,
        null,
        1,
        1,
        null,
        null,
        null,
        null,
        null,
        null,
        null,
        null,
        null,
        null,
        null,
        null,
        null,
        null,
        null,
        null,
        null,
        1,
        null,
        null,
        null,
        null,
        null,
        1,
        null,
        null,
        null,
        null,
        null,
        null,
        null,
        null,
        null,
        null,
        null,
        null,
        null,
        null,
        null,
        1,
        null,
        null,
        null,
        null,
        null,
        null,
        null
      ],
      "/Users/lindsayfowers/boot_camp/overtime_app/Overtime/app/models/employee.rb": [
        1,
        null,
        null
      ],
      "/Users/lindsayfowers/boot_camp/overtime_app/Overtime/app/controllers/posts_controller.rb": [
        1,
        1,
        null,
        1,
        8,
        null,
        null,
        1,
        1,
        1,
        1,
        null,
        null,
        1,
        4,
        null,
        null,
        1,
        2,
        2,
        null,
        2,
        2,
        null,
        0,
        null,
        null,
        null,
        1,
        7,
        null,
        null,
        1,
        2,
        null,
        2,
        2,
        null,
        0,
        null,
        null,
        null,
        1,
        null,
        null,
        1,
        1,
        1,
        null,
        null,
        1,
        null,
        1,
        4,
        null,
        null,
        1,
        15,
        null,
        null
      ],
      "/Users/lindsayfowers/boot_camp/overtime_app/Overtime/app/policies/post_policy.rb": [
        1,
        1,
        14,
        13,
        null,
        null,
        1,
        1,
        null,
        null,
        1,
        null,
        1,
        13,
        null,
        null,
        1,
        9,
        null,
        null,
        1,
        25,
        null,
        null
      ],
      "/Users/lindsayfowers/boot_camp/overtime_app/Overtime/app/policies/application_policy.rb": [
        1,
        1,
        null,
        1,
        19,
        19,
        null,
        null,
        1,
        0,
        null,
        null,
        1,
        0,
        null,
        null,
        1,
        0,
        null,
        null,
        1,
        0,
        null,
        null,
        1,
        0,
        null,
        null,
        1,
        7,
        null,
        null,
        1,
        0,
        null,
        null,
        1,
        0,
        null,
        null,
        1,
        12,
        null,
        null,
        1,
        1,
        null,
        1,
        0,
        0,
        null,
        null,
        1,
        0,
        null,
        null,
        null
      ],
      "/Users/lindsayfowers/boot_camp/overtime_app/Overtime/app/policies/audit_log_policy.rb": [
        1,
        1,
        null,
        3,
        null,
        null,
        1,
        1,
        null,
        null,
        1,
        null,
        1,
        3,
        null,
        null
      ]
    },
    "timestamp": 1488908783
  }
}
